<?xml version="1.0" encoding="UTF-8"?>
<testng-results ignored="0" total="1" passed="1" failed="0" skipped="0">
  <reporter-output>
    <line>
      <![CDATA[Stock-000003064     Stock-000003064]]>
    </line>
    <line>
      <![CDATA[Supplier-00000005715         Supplier-00000005715]]>
    </line>
    <line>
      <![CDATA[Customer-00000011010     Customer-00000011010]]>
    </line>
  </reporter-output>
  <suite started-at="2024-09-27T20:08:29 IST" name="driverFactory.AppTest" finished-at="2024-09-27T20:10:18 IST" duration-ms="108238">
    <groups>
    </groups>
    <test started-at="2024-09-27T20:08:29 IST" name="Command line test" finished-at="2024-09-27T20:10:18 IST" duration-ms="108238">
      <class name="driverFactory.AppTest">
        <test-method signature="kickStart()[pri:0, instance:driverFactory.AppTest@2362f559]" started-at="2024-09-27T20:08:29 IST" name="kickStart" finished-at="2024-09-27T20:10:18 IST" duration-ms="108178" status="PASS">
          <reporter-output>
            <line>
              <![CDATA[Stock-000003064     Stock-000003064]]>
            </line>
            <line>
              <![CDATA[Supplier-00000005715         Supplier-00000005715]]>
            </line>
            <line>
              <![CDATA[Customer-00000011010     Customer-00000011010]]>
            </line>
          </reporter-output>
        </test-method> <!-- kickStart -->
      </class> <!-- driverFactory.AppTest -->
    </test> <!-- Command line test -->
  </suite> <!-- driverFactory.AppTest -->
</testng-results>
