<?xml version="1.0" encoding="UTF-8"?>
<testng-results ignored="0" total="1" passed="1" failed="0" skipped="0">
  <reporter-output>
    <line>
      <![CDATA[Stock-000003084     Stock-000003084]]>
    </line>
    <line>
      <![CDATA[Supplier-00000005749     Supplier-00000005749]]>
    </line>
  </reporter-output>
  <suite started-at="2024-09-30T18:41:44 IST" name="Surefire suite" finished-at="2024-09-30T18:42:33 IST" duration-ms="49265">
    <groups>
    </groups>
    <test started-at="2024-09-30T18:41:44 IST" name="Surefire test" finished-at="2024-09-30T18:42:33 IST" duration-ms="49265">
      <class name="driverFactory.AppTest">
        <test-method signature="kickStart()[pri:0, instance:driverFactory.AppTest@7a419da4]" started-at="2024-09-30T18:41:44 IST" name="kickStart" finished-at="2024-09-30T18:42:33 IST" duration-ms="49226" status="PASS">
          <reporter-output>
            <line>
              <![CDATA[Stock-000003084     Stock-000003084]]>
            </line>
            <line>
              <![CDATA[Supplier-00000005749     Supplier-00000005749]]>
            </line>
          </reporter-output>
        </test-method> <!-- kickStart -->
      </class> <!-- driverFactory.AppTest -->
    </test> <!-- Surefire test -->
  </suite> <!-- Surefire suite -->
</testng-results>
